<?xml version="1.0" encoding="UTF-8"?>
<testsuite xmlns:xsi="http://www.w3.org/2001/XMLSchema-instance" xsi:noNamespaceSchemaLocation="https://maven.apache.org/surefire/maven-surefire-plugin/xsd/surefire-test-report-3.0.xsd" version="3.0" name="org.example.services.UserPackage.AdminTest" time="0.264" tests="3" errors="0" skipped="0" failures="0">
  <properties>
[...]
</properties>
  <testcase name="testThatAdminCanLoginAfterRegister" classname="org.example.services.UserPackage.AdminTest" time="0.064">
    <system-out><![CDATA[2025-05-17T10:40:54.742+01:00  INFO 16344 --- [LogisticApp] [           main] t.c.s.AnnotationConfigContextLoaderUtils : Could not detect default configuration classes for test class [org.example.services.UserPackage.AdminTest]: AdminTest does not declare any static, non-private, non-final, nested classes annotated with @Configuration.
2025-05-17T10:40:54.787+01:00  INFO 16344 --- [LogisticApp] [           main] .b.t.c.SpringBootTestContextBootstrapper : Found @SpringBootConfiguration org.example.Main for test class org.example.services.UserPackage.AdminTest
]]></system-out>
  </testcase>
  <testcase name="testThatAdminCanLoginWithWrongPassword" classname="org.example.services.UserPackage.AdminTest" time="0.077"/>
  <testcase name="testThatAdminCanRegister" classname="org.example.services.UserPackage.AdminTest" time="0.032"/>
</testsuite>