<?xml version="1.0" encoding="UTF-8"?>
<testsuite xmlns:xsi="http://www.w3.org/2001/XMLSchema-instance" xsi:noNamespaceSchemaLocation="https://maven.apache.org/surefire/maven-surefire-plugin/xsd/surefire-test-report-3.0.xsd" version="3.0" name="org.example.services.orderTestPackage.ProductsTest" time="18.006" tests="4" errors="0" skipped="0" failures="0">
  <properties>
[...]
</properties>
  <testcase name="testThatUserCanFetchTheListOfTheirProduct" classname="org.example.services.orderTestPackage.ProductsTest" time="2.242">
    <system-out><![CDATA[15:30:27.202 [main] INFO org.springframework.test.context.support.AnnotationConfigContextLoaderUtils -- Could not detect default configuration classes for test class [org.example.services.orderTestPackage.ProductsTest]: ProductsTest does not declare any static, non-private, non-final, nested classes annotated with @Configuration.
15:30:27.551 [main] INFO org.springframework.boot.test.context.SpringBootTestContextBootstrapper -- Found @SpringBootConfiguration org.example.Main for test class org.example.services.orderTestPackage.ProductsTest

  .   ____          _            __ _ _
 /\\ / ___'_ __ _ _(_)_ __  __ _ \ \ \ \
( ( )\___ | '_ | '_| | '_ \/ _` | \ \ \ \
 \\/  ___)| |_)| | | | | || (_| |  ) ) ) )
  '  |____| .__|_| |_|_| |_\__, | / / / /
 =========|_|==============|___/=/_/_/_/

 :: Spring Boot ::                (v3.3.4)

2025-05-17T15:30:29.269+01:00  INFO 8944 --- [LogisticApp] [           main] o.e.s.orderTestPackage.ProductsTest      : Starting ProductsTest using Java 22.0.1 with PID 8944 (started by DELL USER in C:\Users\DELL USER\Desktop\DEVOP_CODE_TESTING\E-commerce_project)
2025-05-17T15:30:29.289+01:00  INFO 8944 --- [LogisticApp] [           main] o.e.s.orderTestPackage.ProductsTest      : No active profile set, falling back to 1 default profile: "default"
2025-05-17T15:30:31.617+01:00  INFO 8944 --- [LogisticApp] [           main] .s.d.r.c.RepositoryConfigurationDelegate : Bootstrapping Spring Data JPA repositories in DEFAULT mode.
2025-05-17T15:30:31.917+01:00  INFO 8944 --- [LogisticApp] [           main] .s.d.r.c.RepositoryConfigurationDelegate : Finished Spring Data repository scanning in 271 ms. Found 11 JPA repository interfaces.
2025-05-17T15:30:33.524+01:00  INFO 8944 --- [LogisticApp] [           main] o.hibernate.jpa.internal.util.LogHelper  : HHH000204: Processing PersistenceUnitInfo [name: default]
2025-05-17T15:30:33.788+01:00  INFO 8944 --- [LogisticApp] [           main] org.hibernate.Version                    : HHH000412: Hibernate ORM core version 6.5.3.Final
2025-05-17T15:30:34.024+01:00  INFO 8944 --- [LogisticApp] [           main] o.h.c.internal.RegionFactoryInitiator    : HHH000026: Second-level cache disabled
2025-05-17T15:30:34.924+01:00  INFO 8944 --- [LogisticApp] [           main] o.s.o.j.p.SpringPersistenceUnitInfo      : No LoadTimeWeaver setup: ignoring JPA class transformer
2025-05-17T15:30:35.031+01:00  INFO 8944 --- [LogisticApp] [           main] com.zaxxer.hikari.HikariDataSource       : HikariPool-1 - Starting...
2025-05-17T15:30:36.031+01:00  INFO 8944 --- [LogisticApp] [           main] com.zaxxer.hikari.pool.HikariPool        : HikariPool-1 - Added connection com.mysql.cj.jdbc.ConnectionImpl@28ce75ec
2025-05-17T15:30:36.035+01:00  INFO 8944 --- [LogisticApp] [           main] com.zaxxer.hikari.HikariDataSource       : HikariPool-1 - Start completed.
2025-05-17T15:30:36.158+01:00  WARN 8944 --- [LogisticApp] [           main] org.hibernate.orm.deprecation            : HHH90000025: MySQL8Dialect does not need to be specified explicitly using 'hibernate.dialect' (remove the property setting and it will be selected by default)
2025-05-17T15:30:36.166+01:00  WARN 8944 --- [LogisticApp] [           main] org.hibernate.orm.deprecation            : HHH90000026: MySQL8Dialect has been deprecated; use org.hibernate.dialect.MySQLDialect instead
2025-05-17T15:30:39.082+01:00  INFO 8944 --- [LogisticApp] [           main] o.h.e.t.j.p.i.JtaPlatformInitiator       : HHH000489: No JTA platform available (set 'hibernate.transaction.jta.platform' to enable JTA platform integration)
2025-05-17T15:30:39.370+01:00  INFO 8944 --- [LogisticApp] [           main] j.LocalContainerEntityManagerFactoryBean : Initialized JPA EntityManagerFactory for persistence unit 'default'
2025-05-17T15:30:41.274+01:00  WARN 8944 --- [LogisticApp] [           main] JpaBaseConfiguration$JpaWebConfiguration : spring.jpa.open-in-view is enabled by default. Therefore, database queries may be performed during view rendering. Explicitly configure spring.jpa.open-in-view to disable this warning
2025-05-17T15:30:42.355+01:00  INFO 8944 --- [LogisticApp] [           main] o.e.s.orderTestPackage.ProductsTest      : Started ProductsTest in 14.364 seconds (process running for 17.54)
Users(Id=120, firstName=null, lastName=null, contact=null, email=null, birthDate=null, dateCreated=null, password=null)
ProductResponse(id=null, message=null, productName=rice, productDescription=it's pure white, productPrice=1000.0, productQuantity=2)
ProductResponse(id=null, message=null, productName=beans, productDescription=beans are red, productPrice=2000.0, productQuantity=5)
]]></system-out>
    <system-err><![CDATA[WARNING: A Java agent has been loaded dynamically (C:\Users\DELL USER\.m2\repository\net\bytebuddy\byte-buddy-agent\1.14.12\byte-buddy-agent-1.14.12.jar)
WARNING: If a serviceability tool is in use, please run with -XX:+EnableDynamicAgentLoading to hide this warning
WARNING: If a serviceability tool is not in use, please run with -Djdk.instrument.traceUsage for more information
WARNING: Dynamic loading of agents will be disallowed by default in a future release
]]></system-err>
  </testcase>
  <testcase name="testThatProductCanBeCreated" classname="org.example.services.orderTestPackage.ProductsTest" time="0.031"/>
  <testcase name="testThatProductCanBeDeleted" classname="org.example.services.orderTestPackage.ProductsTest" time="0.06"/>
  <testcase name="testThatProductCanBeUpdated" classname="org.example.services.orderTestPackage.ProductsTest" time="0.025"/>
</testsuite>